C:\Projects\WebAPI\WebAPI\app\app.js
C:\Projects\WebAPI\WebAPI\app\app.js.map
C:\Projects\WebAPI\WebAPI\app\common\services\constantService.js
C:\Projects\WebAPI\WebAPI\app\common\services\constantService.js.map
C:\Projects\WebAPI\WebAPI\app\common\services\dataService.js
C:\Projects\WebAPI\WebAPI\app\common\services\dataService.js.map
C:\Projects\WebAPI\WebAPI\app\domain\IEntity.js
C:\Projects\WebAPI\WebAPI\app\domain\IEntity.js.map
C:\Projects\WebAPI\WebAPI\app\domain\Post.js
C:\Projects\WebAPI\WebAPI\app\domain\Post.js.map
C:\Projects\WebAPI\WebAPI\app\posts\postAddCtrl.js
C:\Projects\WebAPI\WebAPI\app\posts\postAddCtrl.js.map
C:\Projects\WebAPI\WebAPI\app\posts\postEditCtrl.js
C:\Projects\WebAPI\WebAPI\app\posts\postEditCtrl.js.map
C:\Projects\WebAPI\WebAPI\app\posts\postsCtrl.js
C:\Projects\WebAPI\WebAPI\app\posts\postsCtrl.js.map
C:\Projects\WebAPI\WebAPI\app\app.js
C:\Projects\WebAPI\WebAPI\app\app.js.map
C:\Projects\WebAPI\WebAPI\app\common\services\constantService.js
C:\Projects\WebAPI\WebAPI\app\common\services\constantService.js.map
C:\Projects\WebAPI\WebAPI\app\common\services\dataService.js
C:\Projects\WebAPI\WebAPI\app\common\services\dataService.js.map
C:\Projects\WebAPI\WebAPI\app\domain\IEntity.js
C:\Projects\WebAPI\WebAPI\app\domain\IEntity.js.map
C:\Projects\WebAPI\WebAPI\app\domain\Post.js
C:\Projects\WebAPI\WebAPI\app\domain\Post.js.map
C:\Projects\WebAPI\WebAPI\app\posts\postAddCtrl.js
C:\Projects\WebAPI\WebAPI\app\posts\postAddCtrl.js.map
C:\Projects\WebAPI\WebAPI\app\posts\postEditCtrl.js
C:\Projects\WebAPI\WebAPI\app\posts\postEditCtrl.js.map
C:\Projects\WebAPI\WebAPI\app\posts\postsCtrl.js
C:\Projects\WebAPI\WebAPI\app\posts\postsCtrl.js.map
C:\Projects\WebAPI\WebAPI\app\app.js
C:\Projects\WebAPI\WebAPI\app\app.js.map
C:\Projects\WebAPI\WebAPI\app\common\services\constantService.js
C:\Projects\WebAPI\WebAPI\app\common\services\constantService.js.map
C:\Projects\WebAPI\WebAPI\app\common\services\dataService.js
C:\Projects\WebAPI\WebAPI\app\common\services\dataService.js.map
C:\Projects\WebAPI\WebAPI\app\domain\IEntity.js
C:\Projects\WebAPI\WebAPI\app\domain\IEntity.js.map
C:\Projects\WebAPI\WebAPI\app\domain\Post.js
C:\Projects\WebAPI\WebAPI\app\domain\Post.js.map
C:\Projects\WebAPI\WebAPI\app\posts\postAddCtrl.js
C:\Projects\WebAPI\WebAPI\app\posts\postAddCtrl.js.map
C:\Projects\WebAPI\WebAPI\app\posts\postEditCtrl.js
C:\Projects\WebAPI\WebAPI\app\posts\postEditCtrl.js.map
C:\Projects\WebAPI\WebAPI\app\posts\postsCtrl.js
C:\Projects\WebAPI\WebAPI\app\posts\postsCtrl.js.map
C:\Projects\WebAPI\WebAPI\app\app.js
C:\Projects\WebAPI\WebAPI\app\app.js.map
C:\Projects\WebAPI\WebAPI\app\common\services\constantService.js
C:\Projects\WebAPI\WebAPI\app\common\services\constantService.js.map
C:\Projects\WebAPI\WebAPI\app\common\services\dataService.js
C:\Projects\WebAPI\WebAPI\app\common\services\dataService.js.map
C:\Projects\WebAPI\WebAPI\app\domain\IEntity.js
C:\Projects\WebAPI\WebAPI\app\domain\IEntity.js.map
C:\Projects\WebAPI\WebAPI\app\domain\Post.js
C:\Projects\WebAPI\WebAPI\app\domain\Post.js.map
C:\Projects\WebAPI\WebAPI\app\posts\postAddCtrl.js
C:\Projects\WebAPI\WebAPI\app\posts\postAddCtrl.js.map
C:\Projects\WebAPI\WebAPI\app\posts\postEditCtrl.js
C:\Projects\WebAPI\WebAPI\app\posts\postEditCtrl.js.map
C:\Projects\WebAPI\WebAPI\app\posts\postsCtrl.js
C:\Projects\WebAPI\WebAPI\app\posts\postsCtrl.js.map
C:\Projects\WebAPI\WebAPI\app\app.js
C:\Projects\WebAPI\WebAPI\app\app.js.map
C:\Projects\WebAPI\WebAPI\app\common\services\constantService.js
C:\Projects\WebAPI\WebAPI\app\common\services\constantService.js.map
C:\Projects\WebAPI\WebAPI\app\common\services\dataService.js
C:\Projects\WebAPI\WebAPI\app\common\services\dataService.js.map
C:\Projects\WebAPI\WebAPI\app\domain\IEntity.js
C:\Projects\WebAPI\WebAPI\app\domain\IEntity.js.map
C:\Projects\WebAPI\WebAPI\app\domain\Post.js
C:\Projects\WebAPI\WebAPI\app\domain\Post.js.map
C:\Projects\WebAPI\WebAPI\app\posts\postAddCtrl.js
C:\Projects\WebAPI\WebAPI\app\posts\postAddCtrl.js.map
C:\Projects\WebAPI\WebAPI\app\posts\postEditCtrl.js
C:\Projects\WebAPI\WebAPI\app\posts\postEditCtrl.js.map
C:\Projects\WebAPI\WebAPI\app\posts\postsCtrl.js
C:\Projects\WebAPI\WebAPI\app\posts\postsCtrl.js.map
C:\Projects\WebAPI\WebAPI\app\app.js
C:\Projects\WebAPI\WebAPI\app\app.js.map
C:\Projects\WebAPI\WebAPI\app\common\services\constantService.js
C:\Projects\WebAPI\WebAPI\app\common\services\constantService.js.map
C:\Projects\WebAPI\WebAPI\app\common\services\dataService.js
C:\Projects\WebAPI\WebAPI\app\common\services\dataService.js.map
C:\Projects\WebAPI\WebAPI\app\domain\IEntity.js
C:\Projects\WebAPI\WebAPI\app\domain\IEntity.js.map
C:\Projects\WebAPI\WebAPI\app\domain\Post.js
C:\Projects\WebAPI\WebAPI\app\domain\Post.js.map
C:\Projects\WebAPI\WebAPI\app\posts\postAddCtrl.js
C:\Projects\WebAPI\WebAPI\app\posts\postAddCtrl.js.map
C:\Projects\WebAPI\WebAPI\app\posts\postEditCtrl.js
C:\Projects\WebAPI\WebAPI\app\posts\postEditCtrl.js.map
C:\Projects\WebAPI\WebAPI\app\posts\postsCtrl.js
C:\Projects\WebAPI\WebAPI\app\posts\postsCtrl.js.map
C:\Projects\WebAPI\WebAPI\app\app.js
C:\Projects\WebAPI\WebAPI\app\app.js.map
C:\Projects\WebAPI\WebAPI\app\common\services\constantService.js
C:\Projects\WebAPI\WebAPI\app\common\services\constantService.js.map
C:\Projects\WebAPI\WebAPI\app\common\services\dataService.js
C:\Projects\WebAPI\WebAPI\app\common\services\dataService.js.map
C:\Projects\WebAPI\WebAPI\app\domain\IEntity.js
C:\Projects\WebAPI\WebAPI\app\domain\IEntity.js.map
C:\Projects\WebAPI\WebAPI\app\domain\Post.js
C:\Projects\WebAPI\WebAPI\app\domain\Post.js.map
C:\Projects\WebAPI\WebAPI\app\posts\postAddCtrl.js
C:\Projects\WebAPI\WebAPI\app\posts\postAddCtrl.js.map
C:\Projects\WebAPI\WebAPI\app\posts\postEditCtrl.js
C:\Projects\WebAPI\WebAPI\app\posts\postEditCtrl.js.map
C:\Projects\WebAPI\WebAPI\app\posts\postsCtrl.js
C:\Projects\WebAPI\WebAPI\app\posts\postsCtrl.js.map
C:\Projects\WebAPI\WebAPI\app\app.js
C:\Projects\WebAPI\WebAPI\app\app.js.map
C:\Projects\WebAPI\WebAPI\app\common\services\constantService.js
C:\Projects\WebAPI\WebAPI\app\common\services\constantService.js.map
C:\Projects\WebAPI\WebAPI\app\common\services\dataService.js
C:\Projects\WebAPI\WebAPI\app\common\services\dataService.js.map
C:\Projects\WebAPI\WebAPI\app\domain\IEntity.js
C:\Projects\WebAPI\WebAPI\app\domain\IEntity.js.map
C:\Projects\WebAPI\WebAPI\app\domain\Post.js
C:\Projects\WebAPI\WebAPI\app\domain\Post.js.map
C:\Projects\WebAPI\WebAPI\app\posts\postAddCtrl.js
C:\Projects\WebAPI\WebAPI\app\posts\postAddCtrl.js.map
C:\Projects\WebAPI\WebAPI\app\posts\postEditCtrl.js
C:\Projects\WebAPI\WebAPI\app\posts\postEditCtrl.js.map
C:\Projects\WebAPI\WebAPI\app\posts\postsCtrl.js
C:\Projects\WebAPI\WebAPI\app\posts\postsCtrl.js.map
C:\Projects\WebAPI\WebAPI\app\app.js
C:\Projects\WebAPI\WebAPI\app\app.js.map
C:\Projects\WebAPI\WebAPI\app\common\services\constantService.js
C:\Projects\WebAPI\WebAPI\app\common\services\constantService.js.map
C:\Projects\WebAPI\WebAPI\app\common\services\dataService.js
C:\Projects\WebAPI\WebAPI\app\common\services\dataService.js.map
C:\Projects\WebAPI\WebAPI\app\domain\IEntity.js
C:\Projects\WebAPI\WebAPI\app\domain\IEntity.js.map
C:\Projects\WebAPI\WebAPI\app\domain\Post.js
C:\Projects\WebAPI\WebAPI\app\domain\Post.js.map
C:\Projects\WebAPI\WebAPI\app\posts\postAddCtrl.js
C:\Projects\WebAPI\WebAPI\app\posts\postAddCtrl.js.map
C:\Projects\WebAPI\WebAPI\app\posts\postEditCtrl.js
C:\Projects\WebAPI\WebAPI\app\posts\postEditCtrl.js.map
C:\Projects\WebAPI\WebAPI\app\posts\postsCtrl.js
C:\Projects\WebAPI\WebAPI\app\posts\postsCtrl.js.map
C:\Projects\WebAPI\WebAPI\app\app.js
C:\Projects\WebAPI\WebAPI\app\app.js.map
C:\Projects\WebAPI\WebAPI\app\common\services\constantService.js
C:\Projects\WebAPI\WebAPI\app\common\services\constantService.js.map
C:\Projects\WebAPI\WebAPI\app\common\services\dataService.js
C:\Projects\WebAPI\WebAPI\app\common\services\dataService.js.map
C:\Projects\WebAPI\WebAPI\app\domain\IEntity.js
C:\Projects\WebAPI\WebAPI\app\domain\IEntity.js.map
C:\Projects\WebAPI\WebAPI\app\domain\Post.js
C:\Projects\WebAPI\WebAPI\app\domain\Post.js.map
C:\Projects\WebAPI\WebAPI\app\posts\postAddCtrl.js
C:\Projects\WebAPI\WebAPI\app\posts\postAddCtrl.js.map
C:\Projects\WebAPI\WebAPI\app\posts\postEditCtrl.js
C:\Projects\WebAPI\WebAPI\app\posts\postEditCtrl.js.map
C:\Projects\WebAPI\WebAPI\app\posts\postsCtrl.js
C:\Projects\WebAPI\WebAPI\app\posts\postsCtrl.js.map
C:\Projects\WebAPI\WebAPI\app\app.js
C:\Projects\WebAPI\WebAPI\app\app.js.map
C:\Projects\WebAPI\WebAPI\app\common\services\constantService.js
C:\Projects\WebAPI\WebAPI\app\common\services\constantService.js.map
C:\Projects\WebAPI\WebAPI\app\common\services\dataService.js
C:\Projects\WebAPI\WebAPI\app\common\services\dataService.js.map
C:\Projects\WebAPI\WebAPI\app\domain\IEntity.js
C:\Projects\WebAPI\WebAPI\app\domain\IEntity.js.map
C:\Projects\WebAPI\WebAPI\app\domain\Post.js
C:\Projects\WebAPI\WebAPI\app\domain\Post.js.map
C:\Projects\WebAPI\WebAPI\app\posts\postAddCtrl.js
C:\Projects\WebAPI\WebAPI\app\posts\postAddCtrl.js.map
C:\Projects\WebAPI\WebAPI\app\posts\postEditCtrl.js
C:\Projects\WebAPI\WebAPI\app\posts\postEditCtrl.js.map
C:\Projects\WebAPI\WebAPI\app\posts\postsCtrl.js
C:\Projects\WebAPI\WebAPI\app\posts\postsCtrl.js.map
C:\Projects\WebAPI\WebAPI\app\app.js
C:\Projects\WebAPI\WebAPI\app\app.js.map
C:\Projects\WebAPI\WebAPI\app\common\services\constantService.js
C:\Projects\WebAPI\WebAPI\app\common\services\constantService.js.map
C:\Projects\WebAPI\WebAPI\app\common\services\dataService.js
C:\Projects\WebAPI\WebAPI\app\common\services\dataService.js.map
C:\Projects\WebAPI\WebAPI\app\domain\IEntity.js
C:\Projects\WebAPI\WebAPI\app\domain\IEntity.js.map
C:\Projects\WebAPI\WebAPI\app\domain\Post.js
C:\Projects\WebAPI\WebAPI\app\domain\Post.js.map
C:\Projects\WebAPI\WebAPI\app\posts\postAddCtrl.js
C:\Projects\WebAPI\WebAPI\app\posts\postAddCtrl.js.map
C:\Projects\WebAPI\WebAPI\app\posts\postEditCtrl.js
C:\Projects\WebAPI\WebAPI\app\posts\postEditCtrl.js.map
C:\Projects\WebAPI\WebAPI\app\posts\postsCtrl.js
C:\Projects\WebAPI\WebAPI\app\posts\postsCtrl.js.map
C:\Projects\WebAPI\WebAPI\app\app.js
C:\Projects\WebAPI\WebAPI\app\app.js.map
C:\Projects\WebAPI\WebAPI\app\common\services\constantService.js
C:\Projects\WebAPI\WebAPI\app\common\services\constantService.js.map
C:\Projects\WebAPI\WebAPI\app\common\services\dataService.js
C:\Projects\WebAPI\WebAPI\app\common\services\dataService.js.map
C:\Projects\WebAPI\WebAPI\app\domain\IEntity.js
C:\Projects\WebAPI\WebAPI\app\domain\IEntity.js.map
C:\Projects\WebAPI\WebAPI\app\domain\Post.js
C:\Projects\WebAPI\WebAPI\app\domain\Post.js.map
C:\Projects\WebAPI\WebAPI\app\posts\postAddCtrl.js
C:\Projects\WebAPI\WebAPI\app\posts\postAddCtrl.js.map
C:\Projects\WebAPI\WebAPI\app\posts\postEditCtrl.js
C:\Projects\WebAPI\WebAPI\app\posts\postEditCtrl.js.map
C:\Projects\WebAPI\WebAPI\app\posts\postsCtrl.js
C:\Projects\WebAPI\WebAPI\app\posts\postsCtrl.js.map
C:\Projects\WebAPI\WebAPI\app\app.js
C:\Projects\WebAPI\WebAPI\app\app.js.map
C:\Projects\WebAPI\WebAPI\app\common\services\constantService.js
C:\Projects\WebAPI\WebAPI\app\common\services\constantService.js.map
C:\Projects\WebAPI\WebAPI\app\common\services\dataService.js
C:\Projects\WebAPI\WebAPI\app\common\services\dataService.js.map
C:\Projects\WebAPI\WebAPI\app\domain\IEntity.js
C:\Projects\WebAPI\WebAPI\app\domain\IEntity.js.map
C:\Projects\WebAPI\WebAPI\app\domain\Post.js
C:\Projects\WebAPI\WebAPI\app\domain\Post.js.map
C:\Projects\WebAPI\WebAPI\app\posts\postAddCtrl.js
C:\Projects\WebAPI\WebAPI\app\posts\postAddCtrl.js.map
C:\Projects\WebAPI\WebAPI\app\posts\postEditCtrl.js
C:\Projects\WebAPI\WebAPI\app\posts\postEditCtrl.js.map
C:\Projects\WebAPI\WebAPI\app\posts\postsCtrl.js
C:\Projects\WebAPI\WebAPI\app\posts\postsCtrl.js.map
